This is XeTeX, Version 3.1415926-2.3-0.9997.5 (MiKTeX 2.9) (preloaded format=xelatex 2019.2.12)  2 APR 2019 21:01
entering extended mode
**Report.tex

("D:\Documents\Course_Materials\3S\3S. Computational_Physics(A)_Chinese\Computa
tional_Physics\Exercise_1\Report.tex"
LaTeX2e <2011/06/27>
Babel <v3.8m> and hyphenation patterns for loaded.
(C:\CTEX\MiKTeX\tex\latex\base\article.cls
Document Class: article 2007/10/19 v1.4h Standard LaTeX document class
(C:\CTEX\MiKTeX\tex\latex\base\size10.clo
File: size10.clo 2007/10/19 v1.4h Standard LaTeX file (size option)
)
\c@part=\count80
\c@section=\count81
\c@subsection=\count82
\c@subsubsection=\count83
\c@paragraph=\count84
\c@subparagraph=\count85
\c@figure=\count86
\c@table=\count87
\abovecaptionskip=\skip41
\belowcaptionskip=\skip42
\bibindent=\dimen102
)
(C:\CTEX\MiKTeX\tex\latex\ctex\ctex.sty
Package: ctex 2011/03/11 v1.02c ctex macros package

(C:\CTEX\MiKTeX\tex\latex\ctex\opt\ctex-common-opts.def)
(C:\CTEX\CTeX\tex\latex\ctex\cfg\ctexopts.cfg)
(C:\CTEX\MiKTeX\tex\latex\ctex\def\ctex-common.def
(C:\CTEX\MiKTeX\tex\latex\l3kernel\expl3.sty
(C:\CTEX\MiKTeX\tex\latex\l3kernel\l3names.sty
(C:\CTEX\MiKTeX\tex\latex\l3kernel\l3bootstrap.sty
Package: l3bootstrap 2011/12/29 v3110 L3 Experimental bootstrap code
)
Package: l3names 2011/12/30 v3113 L3 Experimental namespace for primitives
)
(C:\CTEX\MiKTeX\tex\latex\misc\etex.sty
Package: etex 1998/03/26 v2.0 eTeX basic definition package (PEB)
\et@xins=\count88
)
Package: expl3 2012/02/26 v3471 L3 Experimental code bundle wrapper

(C:\CTEX\MiKTeX\tex\latex\graphics\color.sty
Package: color 2005/11/14 v1.0j Standard LaTeX Color (DPC)

(C:\CTEX\MiKTeX\tex\latex\00miktex\color.cfg
File: color.cfg 2007/01/18 v1.5 color configuration of teTeX/TeXLive
)
Package color Info: Driver file: xetex.def on input line 130.

(C:\CTEX\MiKTeX\tex\xelatex\xetex-def\xetex.def
File: xetex.def 2009/11/22 v0.94 LaTeX color/graphics driver for XeTeX (RRM/JK)

))
(C:\CTEX\MiKTeX\tex\latex\graphics\graphics.sty
Package: graphics 2009/02/05 v1.0o Standard LaTeX Graphics (DPC,SPQR)

(C:\CTEX\MiKTeX\tex\latex\graphics\trig.sty
Package: trig 1999/03/16 v1.09 sin cos tan (DPC)
)
(C:\CTEX\MiKTeX\tex\latex\00miktex\graphics.cfg
File: graphics.cfg 2007/01/18 v1.5 graphics configuration of teTeX/TeXLive
)
Package graphics Info: Driver file: xetex.def on input line 91.
)
(C:\CTEX\MiKTeX\tex\latex\l3kernel\l3basics.sty
Package: l3basics 2012/02/26 v3460 L3 Experimental basic definitions
)
(C:\CTEX\MiKTeX\tex\latex\l3kernel\l3expan.sty
Package: l3expan 2012/02/26 v3460 L3 Experimental argument expansion
)
(C:\CTEX\MiKTeX\tex\latex\l3kernel\l3tl.sty
Package: l3tl 2012/02/26 v3460 L3 Experimental token lists
)
(C:\CTEX\MiKTeX\tex\latex\l3kernel\l3seq.sty
Package: l3seq 2012/01/09 v3158 L3 Experimental sequences and stacks
)
(C:\CTEX\MiKTeX\tex\latex\l3kernel\l3int.sty
Package: l3int 2012/02/26 v3460 L3 Experimental integers
\c_max_int=\count89
\l_tmpa_int=\count90
\l_tmpb_int=\count91
\l_tmpc_int=\count92
\g_tmpa_int=\count93
\g_tmpb_int=\count94
)
(C:\CTEX\MiKTeX\tex\latex\l3kernel\l3quark.sty
Package: l3quark 2012/02/12 v3384 L3 Experimental quarks
)
(C:\CTEX\MiKTeX\tex\latex\l3kernel\l3prg.sty
Package: l3prg 2012/02/26 v3464 L3 Experimental control structures
\g_prg_map_int=\count95
)
(C:\CTEX\MiKTeX\tex\latex\l3kernel\l3clist.sty
Package: l3clist 2012/02/26 v3460 L3 Experimental comma separated lists
)
(C:\CTEX\MiKTeX\tex\latex\l3kernel\l3token.sty
Package: l3token 2012/02/26 v3460 L3 Experimental token manipulation
)
(C:\CTEX\MiKTeX\tex\latex\l3kernel\l3prop.sty
Package: l3prop 2012/02/26 v3460 L3 Experimental property lists
)
(C:\CTEX\MiKTeX\tex\latex\l3kernel\l3msg.sty
Package: l3msg 2012/02/26 v3470 L3 Experimental messages
)
(C:\CTEX\MiKTeX\tex\latex\l3kernel\l3file.sty
Package: l3file 2012/02/26 v3464 L3 Experimental file and I/O operations
\l_iow_stream_int=\count96
\l_iow_line_length_int=\count97
\l_iow_target_length_int=\count98
\l_iow_current_line_int=\count99
\l_iow_current_word_int=\count100
\l_iow_current_indentation_int=\count101
)
(C:\CTEX\MiKTeX\tex\latex\l3kernel\l3skip.sty
Package: l3skip 2012/02/26 v3460 L3 Experimental dimensions and skips
\l_tmpa_dim=\dimen103
\l_tmpb_dim=\dimen104
\l_tmpc_dim=\dimen105
\g_tmpa_dim=\dimen106
\g_tmpb_dim=\dimen107
\l_tmpa_skip=\skip43
\l_tmpb_skip=\skip44
\l_tmpc_skip=\skip45
\g_tmpa_skip=\skip46
\g_tmpb_skip=\skip47
)
(C:\CTEX\MiKTeX\tex\latex\l3kernel\l3keys.sty
Package: l3keys 2011/12/22 v3086 L3 Experimental key-value interfaces
\g_keyval_level_int=\count102
\l_keys_choice_int=\count103
)
(C:\CTEX\MiKTeX\tex\latex\l3kernel\l3fp.sty
Package: l3fp 2012/02/06 v3315 L3 Experimental floating-point operations
\c_one_hundred_million=\count104
\c_five_hundred_million=\count105
\c_one_thousand_million=\count106
\c_fp_pi_by_four_decimal_int=\count107
\c_fp_pi_by_four_extended_int=\count108
\c_fp_pi_decimal_int=\count109
\c_fp_pi_extended_int=\count110
\c_fp_two_pi_decimal_int=\count111
\c_fp_two_pi_extended_int=\count112
\l_fp_count_int=\count113
\l_fp_div_offset_int=\count114
\l_fp_exp_integer_int=\count115
\l_fp_exp_decimal_int=\count116
\l_fp_exp_extended_int=\count117
\l_fp_exp_exponent_int=\count118
\l_fp_input_a_sign_int=\count119
\l_fp_input_a_integer_int=\count120
\l_fp_input_a_decimal_int=\count121
\l_fp_input_a_exponent_int=\count122
\l_fp_input_b_sign_int=\count123
\l_fp_input_b_integer_int=\count124
\l_fp_input_b_decimal_int=\count125
\l_fp_input_b_exponent_int=\count126
\l_fp_input_a_extended_int=\count127
\l_fp_input_b_extended_int=\count128
\l_fp_mul_a_i_int=\count129
\l_fp_mul_a_ii_int=\count130
\l_fp_mul_a_iii_int=\count131
\l_fp_mul_a_iv_int=\count132
\l_fp_mul_a_v_int=\count133
\l_fp_mul_a_vi_int=\count134
\l_fp_mul_b_i_int=\count135
\l_fp_mul_b_ii_int=\count136
\l_fp_mul_b_iii_int=\count137
\l_fp_mul_b_iv_int=\count138
\l_fp_mul_b_v_int=\count139
\l_fp_mul_b_vi_int=\count140
\l_fp_mul_output_int=\count141
\l_fp_output_sign_int=\count142
\l_fp_output_integer_int=\count143
\l_fp_output_decimal_int=\count144
\l_fp_output_exponent_int=\count145
\l_fp_output_extended_int=\count146
\l_fp_round_position_int=\count147
\l_fp_round_target_int=\count148
\l_fp_split_sign_int=\count149
\l_fp_internal_int=\count150
\l_fp_trig_octant_int=\count151
\l_fp_trig_sign_int=\count152
\l_fp_trig_decimal_int=\count153
\l_fp_trig_extended_int=\count154
\l_fp_internal_dim=\dimen108
\l_fp_internal_skip=\skip48
)
(C:\CTEX\MiKTeX\tex\latex\l3kernel\l3box.sty
Package: l3box 2012/02/18 v3432 L3 Experimental boxes
\l_tmpb_box=\box26
\l_box_top_dim=\dimen109
\l_box_bottom_dim=\dimen110
\l_box_left_dim=\dimen111
\l_box_right_dim=\dimen112
\l_box_top_new_dim=\dimen113
\l_box_bottom_new_dim=\dimen114
\l_box_left_new_dim=\dimen115
\l_box_right_new_dim=\dimen116
\l_box_internal_box=\box27
)
(C:\CTEX\MiKTeX\tex\latex\l3kernel\l3coffins.sty
Package: l3coffins 2012/02/26 v3460 L3 Experimental coffin code layer
\l_coffin_internal_box=\box28
\l_coffin_internal_dim=\dimen117
\l_coffin_offset_x_dim=\dimen118
\l_coffin_offset_y_dim=\dimen119
\l_coffin_x_dim=\dimen120
\l_coffin_y_dim=\dimen121
\l_coffin_x_prime_dim=\dimen122
\l_coffin_y_prime_dim=\dimen123
\l_coffin_Depth_dim=\dimen124
\l_coffin_Height_dim=\dimen125
\l_coffin_TotalHeight_dim=\dimen126
\l_coffin_Width_dim=\dimen127
\c_empty_coffin=\box29
\l_coffin_aligned_coffin=\box30
\l_coffin_aligned_internal_coffin=\box31
\l_coffin_bounding_shift_dim=\dimen128
\l_coffin_left_corner_dim=\dimen129
\l_coffin_right_corner_dim=\dimen130
\l_coffin_bottom_corner_dim=\dimen131
\l_coffin_top_corner_dim=\dimen132
\l_coffin_scaled_total_height_dim=\dimen133
\l_coffin_scaled_width_dim=\dimen134
\l_coffin_display_coffin=\box32
\l_coffin_display_coord_coffin=\box33
\l_coffin_display_pole_coffin=\box34
\l_coffin_display_offset_dim=\dimen135
\l_coffin_display_x_dim=\dimen136
\l_coffin_display_y_dim=\dimen137
)
(C:\CTEX\MiKTeX\tex\latex\l3kernel\l3color.sty
Package: l3color 2011/09/07 v2776 L3 Experimental colour support
)
(C:\CTEX\MiKTeX\tex\latex\l3kernel\l3luatex.sty
Package: l3luatex 2012/02/09 v3355 L3 Experimental LuaTeX-specific functions
\g_cctab_allocate_int=\count155
\g_cctab_stack_int=\count156
))
(C:\CTEX\MiKTeX\tex\latex\etoolbox\etoolbox.sty
Package: etoolbox 2011/01/03 v2.1 e-TeX tools for LaTeX
\etb@tempcnta=\count157
)
(C:\CTEX\MiKTeX\tex\generic\oberdiek\ifpdf.sty
Package: ifpdf 2011/01/30 v2.3 Provides the ifpdf switch (HO)
Package ifpdf Info: pdfTeX in PDF mode is not detected.
)
(C:\CTEX\MiKTeX\tex\generic\ifxetex\ifxetex.sty
Package: ifxetex 2010/09/12 v0.6 Provides ifxetex conditional
)
(C:\CTEX\MiKTeX\tex\latex\graphics\keyval.sty
Package: keyval 1999/03/16 v1.13 key=value parser (DPC)
\KV@toks@=\toks14
)
(C:\CTEX\MiKTeX\tex\latex\tools\indentfirst.sty
Package: indentfirst 1995/11/23 v1.03 Indent first paragraph (DPC)
)
(C:\CTEX\MiKTeX\tex\latex\base\fix-cm.sty
Package: fix-cm 2006/09/13 v1.1m fixes to LaTeX

(C:\CTEX\MiKTeX\tex\latex\base\ts1enc.def
File: ts1enc.def 2001/06/05 v3.0e (jk/car/fm) Standard LaTeX file
))
(C:\CTEX\MiKTeX\tex\latex\ctex\engine\ctex-xecjk-engine.def
(C:\CTEX\MiKTeX\tex\latex\savesym\savesym.sty

LaTeX Warning: You have requested package `savesym',
               but the package provides `savesymbol'.

Package: savesymbol 2003/06/01 v1.1 Saves and restores symbols
) (C:\CTEX\MiKTeX\tex\xelatex\xecjk\xeCJK.sty
Package: xeCJK 2012/01/31 2.4.5 package for typesetting CJK scripts with XeLaTe
X

(C:\CTEX\MiKTeX\tex\latex\xkeyval\xkeyval.sty
Package: xkeyval 2008/08/13 v2.6a package option processing (HA)

(C:\CTEX\MiKTeX\tex\generic\xkeyval\xkeyval.tex
\XKV@toks=\toks15
\XKV@tempa@toks=\toks16
\XKV@depth=\count158
File: xkeyval.tex 2008/08/13 v2.6a key=value parser (HA)
))
(C:\CTEX\MiKTeX\tex\latex\fontspec\fontspec.sty
Package: fontspec 2011/09/18 v2.2a Advanced font selection for XeLaTeX/LuaLaTeX


(C:\CTEX\MiKTeX\tex\latex\l3packages\xparse\xparse.sty
Package: xparse 2012/02/26 v3471 L3 Experimental document command parser
\l_xparse_current_arg_int=\count159
\l_xparse_m_args_int=\count160
\l_xparse_mandatory_args_int=\count161
\l_xparse_processor_int=\count162
\l_xparse_v_nesting_int=\count163
)
\l_fontspec_script_int=\count164
\l_fontspec_language_int=\count165
\l_fontspec_strnum_int=\count166
\l_fontspec_tmpa_dim=\dimen138
\l_fontspec_tmpb_dim=\dimen139
\l_fontspec_tmpc_dim=\dimen140
Variant \tl_gset:cV already defined; not changing it on line 66

(C:\CTEX\MiKTeX\tex\latex\fontspec\fontspec-patches.sty
Package: fontspec-patches 2011/09/18 v2.2a Advanced font selection for XeLaTeX/
LuaLaTeX

(C:\CTEX\MiKTeX\tex\latex\base\fixltx2e.sty
Package: fixltx2e 2006/09/13 v1.1m fixes to LaTeX
LaTeX Info: Redefining \em on input line 420.
)
LaTeX Info: Redefining \em on input line 22.
LaTeX Info: Redefining \emph on input line 29.
LaTeX Info: Redefining \- on input line 32.

*************************************************
* LaTeX warning: "xparse/redefine-command"
* 
* Redefining document command \oldstylenums with arg. spec. 'm' on line 107.
*************************************************
.................................................
. LaTeX info: "xparse/define-command"
. 
. Defining document command \liningnums with arg. spec. 'm' on line 111.
.................................................
) (C:\CTEX\MiKTeX\tex\latex\fontspec\fontspec-xetex.sty
Package: fontspec-xetex 2011/09/18 v2.2a Advanced font selection for XeLaTeX/Lu
aLaTeX

(C:\CTEX\MiKTeX\tex\latex\base\fontenc.sty
Package: fontenc 2005/09/27 v1.99g Standard LaTeX package

(C:\CTEX\MiKTeX\tex\latex\euenc\eu1enc.def
File: eu1enc.def 2010/05/27 v0.1h Experimental Unicode font encodings
)
LaTeX Font Info:    Try loading font information for EU1+lmr on input line 100.


(C:\CTEX\MiKTeX\tex\latex\euenc\eu1lmr.fd
File: eu1lmr.fd 2009/10/30 v1.6 Font defs for Latin Modern
)
Requested font "[lmroman10-regular]:mapping=tex-text" at 10.0pt
 -> C:/CTEX/MiKTeX/fonts/opentype/public/lm/lmroman10-regular.otf
)
(C:\CTEX\MiKTeX\tex\xelatex\xunicode\xunicode.sty
File: xunicode.sty 2011/09/09 v0.981 provides access to latin accents and many 
other characters in Unicode lower plane

(C:\CTEX\MiKTeX\tex\latex\tipa\t3enc.def
File: t3enc.def 2001/12/31 T3 encoding
Requested font "[lmromanslant10-regular]:mapping=tex-text" at 10.0pt
 -> C:/CTEX/MiKTeX/fonts/opentype/public/lm/lmromanslant10-regular.otf
Requested font "[lmroman10-italic]:mapping=tex-text" at 10.0pt
 -> C:/CTEX/MiKTeX/fonts/opentype/public/lm/lmroman10-italic.otf
Requested font "[lmroman10-bold]:mapping=tex-text" at 10.0pt
 -> C:/CTEX/MiKTeX/fonts/opentype/public/lm/lmroman10-bold.otf
LaTeX Font Info:    Try loading font information for EU1+lmss on input line 357
.

(C:\CTEX\MiKTeX\tex\latex\euenc\eu1lmss.fd
File: eu1lmss.fd 2009/10/30 v1.6 Font defs for Latin Modern
)
Requested font "[lmsans10-regular]:mapping=tex-text" at 10.0pt
 -> C:/CTEX/MiKTeX/fonts/opentype/public/lm/lmsans10-regular.otf
)
\tipaTiiicode=\count167
\tipasavetokens=\toks17
\tipachecktokens=\toks18

(C:\CTEX\MiKTeX\tex\latex\graphics\graphicx.sty
Package: graphicx 1999/02/16 v1.0f Enhanced LaTeX Graphics (DPC,SPQR)
\Gin@req@height=\dimen141
\Gin@req@width=\dimen142
))
.................................................
. LaTeX info: "xparse/define-command"
. 
. Defining document command \fontspec with arg. spec. 'O{}m' on line 39.
.................................................
.................................................
. LaTeX info: "xparse/define-command"
. 
. Defining document command \setmainfont with arg. spec. 'O{}m' on line 43.
.................................................
.................................................
. LaTeX info: "xparse/define-command"
. 
. Defining document command \setsansfont with arg. spec. 'O{}m' on line 47.
.................................................
.................................................
. LaTeX info: "xparse/define-command"
. 
. Defining document command \setmonofont with arg. spec. 'O{}m' on line 51.
.................................................
.................................................
. LaTeX info: "xparse/define-command"
. 
. Defining document command \setmathrm with arg. spec. 'O{}m' on line 59.
.................................................
.................................................
. LaTeX info: "xparse/define-command"
. 
. Defining document command \setboldmathrm with arg. spec. 'O{}m' on line 62.
.................................................
.................................................
. LaTeX info: "xparse/define-command"
. 
. Defining document command \setmathsf with arg. spec. 'O{}m' on line 65.
.................................................
.................................................
. LaTeX info: "xparse/define-command"
. 
. Defining document command \setmathtt with arg. spec. 'O{}m' on line 68.
.................................................
.................................................
. LaTeX info: "xparse/define-command"
. 
. Defining document command \newfontfamily with arg. spec. 'mO{}m' on line 84.
.................................................
.................................................
. LaTeX info: "xparse/define-command"
. 
. Defining document command \newfontface with arg. spec. 'mO{}m' on line 87.
.................................................
.................................................
. LaTeX info: "xparse/define-command"
. 
. Defining document command \defaultfontfeatures with arg. spec. 'm' on line
. 91.
.................................................
.................................................
. LaTeX info: "xparse/define-command"
. 
. Defining document command \addfontfeatures with arg. spec. 'm' on line 107.
.................................................
.................................................
. LaTeX info: "xparse/define-command"
. 
. Defining document command \newfontfeature with arg. spec. 'mm' on line 118.
.................................................
.................................................
. LaTeX info: "xparse/define-command"
. 
. Defining document command \newAATfeature with arg. spec. 'mmmm' on line 125.
.................................................
.................................................
. LaTeX info: "xparse/define-command"
. 
. Defining document command \newICUfeature with arg. spec. 'mmm' on line 132.
.................................................
.................................................
. LaTeX info: "xparse/define-command"
. 
. Defining document command \aliasfontfeature with arg. spec. 'mm' on line
. 159.
.................................................
.................................................
. LaTeX info: "xparse/define-command"
. 
. Defining document command \aliasfontfeatureoption with arg. spec. 'mmm' on
. line 164.
.................................................
.................................................
. LaTeX info: "xparse/define-command"
. 
. Defining document command \newfontscript with arg. spec. 'mm' on line 169.
.................................................
.................................................
. LaTeX info: "xparse/define-command"
. 
. Defining document command \newfontlanguage with arg. spec. 'mm' on line 192.
.................................................
.................................................
. LaTeX info: "xparse/define-command"
. 
. Defining document command \DeclareFontsExtensions with arg. spec. 'm' on
. line 211.
.................................................
Variant \prop_gput:cnV already defined; not changing it on line 485
Variant \prop_gput:cnx already defined; not changing it on line 486
Variant \keys_set:nx already defined; not changing it on line 963
\c@fontspec_tmp_int=\count168
LaTeX Info: Redefining \itshape on input line 1881.
LaTeX Info: Redefining \slshape on input line 1885.
LaTeX Info: Redefining \scshape on input line 1889.
LaTeX Info: Redefining \upshape on input line 1893.

(C:\CTEX\MiKTeX\tex\latex\fontspec\fontspec.cfg)))
\xeCJK@cnta=\count169
\xeCJK@cntb=\count170
\xeCJK@cntc=\count171
\xeCJK@cntd=\count172
\xeCJK@cnte=\count173
\xeCJK@dima=\dimen143
LaTeX Info: Redefining \normalfont on input line 886.
LaTeX Info: Redefining \rmfamily on input line 895.
LaTeX Info: Redefining \sffamily on input line 899.
LaTeX Info: Redefining \ttfamily on input line 903.
\xeCJK@featureadded=\count174
\g_xecjk_exspace_dim=\dimen144
)
(C:\CTEX\MiKTeX\tex\latex\ctex\engine\ctex-cjk-common.def
\ccwd=\dimen145
)
(C:\CTEX\MiKTeX\tex\latex\ctex\fontset\ctex-xecjk-winfonts.def))
\CTEX@q=\count175
\CTEX@r=\count176
))
(C:\CTEX\MiKTeX\tex\latex\ctex\def\ctex-utf8.def)
(C:\CTEX\MiKTeX\tex\latex\ctex\cfg\ctex.cfg)
(C:\CTEX\MiKTeX\tex\latex\geometry\geometry.sty
Package: geometry 2010/09/12 v5.6 Page Geometry

(C:\CTEX\MiKTeX\tex\generic\oberdiek\ifvtex.sty
Package: ifvtex 2010/03/01 v1.5 Switches for detecting VTeX and its modes (HO)
Package ifvtex Info: VTeX not detected.
)
\Gm@cnth=\count177
\Gm@cntv=\count178
\c@Gm@tempcnt=\count179
\Gm@bindingoffset=\dimen146
\Gm@wd@mp=\dimen147
\Gm@odd@mp=\dimen148
\Gm@even@mp=\dimen149
\Gm@layoutwidth=\dimen150
\Gm@layoutheight=\dimen151
\Gm@layouthoffset=\dimen152
\Gm@layoutvoffset=\dimen153
\Gm@dimlist=\toks19

(C:\CTEX\MiKTeX\tex\xelatex\xetexconfig\geometry.cfg))
(C:\CTEX\MiKTeX\tex\latex\setspace\setspace.sty
Package: setspace 2011/12/19 v6.7a set line spacing
)
(C:\CTEX\MiKTeX\tex\latex\tools\bm.sty
Package: bm 2004/02/26 v1.1c Bold Symbol Support (DPC/FMi)
\symboldoperators=\mathgroup4
\symboldletters=\mathgroup5
\symboldsymbols=\mathgroup6
LaTeX Font Info:    Redeclaring math alphabet \mathbf on input line 138.
LaTeX Info: Redefining \bm on input line 204.
)
(C:\CTEX\MiKTeX\tex\latex\siunitx\siunitx.sty
Package: siunitx 2012/01/26 v2.4j A comprehensive (SI) units package

(C:\CTEX\MiKTeX\tex\latex\ams\math\amstext.sty
Package: amstext 2000/06/29 v2.01

(C:\CTEX\MiKTeX\tex\latex\ams\math\amsgen.sty
File: amsgen.sty 1999/11/30 v2.0
\@emptytoks=\toks20
\ex@=\dimen154
))
(C:\CTEX\MiKTeX\tex\latex\tools\array.sty
Package: array 2008/09/09 v2.4c Tabular extension package (FMi)
\col@sep=\dimen155
\extrarowheight=\dimen156
\NC@list=\toks21
\extratabsurround=\skip49
\backup@length=\skip50
)
(C:\CTEX\MiKTeX\tex\latex\l3packages\l3keys2e\l3keys2e.sty
Package: l3keys2e 2012/02/26 v3471 LaTeX2e option processing using LaTeX3 keys
)
\l_siunitx_tmp_box=\box35
\l_siunitx_tmp_dim=\dimen157
\l_siunitx_tmp_int=\count180
Variant \prop_get:NVNT already defined; not changing it on line 363
Variant \prop_get:NVNF already defined; not changing it on line 364
Variant \prop_get:NVNTF already defined; not changing it on line 365
\l_siunitx_number_mantissa_length_int=\count181
\l_siunitx_number_uncert_length_int=\count182
\l_siunitx_round_int=\count183
\l_siunitx_process_decimal_int=\count184
\l_siunitx_process_uncertainty_int=\count185
\l_siunitx_process_fixed_int=\count186
\l_siunitx_process_integer_min_int=\count187
\l_siunitx_process_precision_int=\count188
\l_siunitx_group_min_int=\count189
\l_siunitx_angle_marker_box=\box36
\l_siunitx_angle_unit_box=\box37
\l_siunitx_angle_marker_dim=\dimen158
\l_siunitx_angle_unit_dim=\dimen159
\l_siunitx_unit_int=\count190
\l_siunitx_unit_denominator_int=\count191
\l_siunitx_unit_numerator_int=\count192
\l_siunitx_unit_prefix_int=\count193
\l_siunitx_unit_prefix_base_int=\count194
\l_siunitx_unit_prefix_gram_int=\count195
\l_siunitx_number_product_int=\count196
\c_siunitx_one_fill_skip=\skip51
\l_siunitx_table_unit_align_skip=\skip52
\l_siunitx_table_exponent_dim=\dimen160
\l_siunitx_table_integer_dim=\dimen161
\l_siunitx_table_mantissa_dim=\dimen162
\l_siunitx_table_marker_dim=\dimen163
\l_siunitx_table_result_dim=\dimen164
\l_siunitx_table_uncert_dim=\dimen165
\l_siunitx_table_fill_pre_dim=\dimen166
\l_siunitx_table_fill_post_dim=\dimen167
\l_siunitx_table_fill_mid_dim=\dimen168
\l_siunitx_table_pre_box=\box38
\l_siunitx_table_post_box=\box39
\l_siunitx_table_mantissa_box=\box40
\l_siunitx_table_result_box=\box41
\l_siunitx_table_number_align_skip=\skip53
\l_siunitx_table_text_align_skip=\skip54
.................................................
. LaTeX info: "xparse/define-command"
. 
. Defining document command \DeclareBinaryPrefix with arg. spec. 'mmm' on line
. 6955.
.................................................
.................................................
. LaTeX info: "xparse/define-command"
. 
. Defining document command \DeclareSIPostPower with arg. spec. 'mm' on line
. 6958.
.................................................
.................................................
. LaTeX info: "xparse/define-command"
. 
. Defining document command \DeclareSIPrefix with arg. spec. 'mmm' on line
. 6961.
.................................................
.................................................
. LaTeX info: "xparse/define-command"
. 
. Defining document command \DeclareSIPrePower with arg. spec. 'mm' on line
. 6964.
.................................................
.................................................
. LaTeX info: "xparse/define-command"
. 
. Defining document command \DeclareSIQualifier with arg. spec. 'mm' on line
. 6967.
.................................................
.................................................
. LaTeX info: "xparse/define-command"
. 
. Defining document command \DeclareSIUnit with arg. spec. 'O{}mm' on line
. 6970.
.................................................
.................................................
. LaTeX info: "xparse/define-command"
. 
. Defining document command \DeclareSIUnitWithOptions with arg. spec. 'mmm' on
. line 6973.
.................................................
.................................................
. LaTeX info: "xparse/define-command"
. 
. Defining document command \ang with arg. spec. 'o>{\SplitArgument {2}{;}}m'
. on line 6988.
.................................................
.................................................
. LaTeX info: "xparse/define-command"
. 
. Defining document command \num with arg. spec. 'om' on line 6996.
.................................................
.................................................
. LaTeX info: "xparse/define-command"
. 
. Defining document command \numlist with arg. spec. 'o>{\SplitList {;}}m' on
. line 7004.
.................................................
.................................................
. LaTeX info: "xparse/define-command"
. 
. Defining document command \numrange with arg. spec. 'omm' on line 7012.
.................................................
.................................................
. LaTeX info: "xparse/define-command"
. 
. Defining document command \SIlist with arg. spec. 'o>{\SplitList {;}}mm' on
. line 7023.
.................................................
.................................................
. LaTeX info: "xparse/define-command"
. 
. Defining document command \SIrange with arg. spec. 'ommm' on line 7034.
.................................................
.................................................
. LaTeX info: "xparse/define-command"
. 
. Defining document command \SI with arg. spec. 'omom' on line 7045.
.................................................
.................................................
. LaTeX info: "xparse/define-command"
. 
. Defining document command \sisetup with arg. spec. 'm' on line 7048.
.................................................
.................................................
. LaTeX info: "xparse/define-command"
. 
. Defining document command \tablenum with arg. spec. 'om' on line 7060.
.................................................
.................................................
. LaTeX info: "xparse/define-command"
. 
. Defining document command \si with arg. spec. 'om' on line 7071.
.................................................
.................................................
. LaTeX info: "xparse/define-command"
. 
. Defining document command \siunitx_bookmark_num:w with arg. spec. 'om' on
. line 7115.
.................................................
.................................................
. LaTeX info: "xparse/define-command"
. 
. Defining document command \siunitx_bookmark_numrange:w with arg. spec. 'omm'
. on line 7117.
.................................................
.................................................
. LaTeX info: "xparse/define-command"
. 
. Defining document command \siunitx_bookmark_SI:w with arg. spec. 'omom' on
. line 7119.
.................................................
.................................................
. LaTeX info: "xparse/define-command"
. 
. Defining document command \siunitx_bookmark_SIlist:w with arg. spec. 'omm'
. on line 7121.
.................................................
.................................................
. LaTeX info: "xparse/define-command"
. 
. Defining document command \siunitx_bookmark_SIrange:w with arg. spec. 'ommm'
. on line 7123.
.................................................
.................................................
. LaTeX info: "xparse/define-command"
. 
. Defining document command \siunitx_bookmark_si:w with arg. spec. 'om' on
. line 7124.
.................................................
\g_ior_internal_ior=\read1

(C:\CTEX\MiKTeX\tex\latex\beamer\base\translator\translator.sty
Package: translator 2010/06/12 ver 1.10

(C:\CTEX\MiKTeX\tex\latex\beamer\base\translator\translator-language-mappings.t
ex))) (C:\CTEX\MiKTeX\tex\latex\ams\math\amsmath.sty
Package: amsmath 2000/07/18 v2.13 AMS math features
\@mathmargin=\skip55

For additional information on amsmath, use the `?' option.
(C:\CTEX\MiKTeX\tex\latex\ams\math\amsbsy.sty
Package: amsbsy 1999/11/29 v1.2d
LaTeX Info: Redefining \boldsymbol on input line 54.
\pmbraise@=\dimen169
)
(C:\CTEX\MiKTeX\tex\latex\ams\math\amsopn.sty
Package: amsopn 1999/12/14 v2.01 operator names
)
\inf@bad=\count197
LaTeX Info: Redefining \frac on input line 211.
\uproot@=\count198
\leftroot@=\count199
LaTeX Info: Redefining \overline on input line 307.
\classnum@=\count200
\DOTSCASE@=\count201
LaTeX Info: Redefining \ldots on input line 379.
LaTeX Info: Redefining \dots on input line 382.
LaTeX Info: Redefining \cdots on input line 467.
\Mathstrutbox@=\box42
\strutbox@=\box43
\big@size=\dimen170
LaTeX Font Info:    Redeclaring font encoding OML on input line 567.
LaTeX Font Info:    Redeclaring font encoding OMS on input line 568.
Normal \count register pool exhausted, switching to extended pool.
\macc@depth=\count277
\c@MaxMatrixCols=\count278
\dotsspace@=\muskip10
\c@parentequation=\count279
\dspbrk@lvl=\count280
\tag@help=\toks22
\row@=\count281
\column@=\count282
\maxfields@=\count283
\andhelp@=\toks23
\eqnshift@=\dimen171
\alignsep@=\dimen172
\tagshift@=\dimen173
\tagwidth@=\dimen174
\totwidth@=\dimen175
\lineht@=\dimen176
\@envbody=\toks24
\multlinegap=\skip56
\multlinetaggap=\skip57
\mathdisplay@stack=\toks25
LaTeX Info: Redefining \[ on input line 2666.
LaTeX Info: Redefining \] on input line 2667.
)
(C:\CTEX\MiKTeX\tex\latex\amsfonts\amssymb.sty
Package: amssymb 2009/06/22 v3.00

(C:\CTEX\MiKTeX\tex\latex\amsfonts\amsfonts.sty
Package: amsfonts 2009/06/22 v3.00 Basic AMSFonts support
\symAMSa=\mathgroup7
\symAMSb=\mathgroup8
LaTeX Font Info:    Overwriting math alphabet `\mathfrak' in version `bold'
(Font)                  U/euf/m/n --> U/euf/b/n on input line 96.
))
(C:\CTEX\MiKTeX\tex\latex\hyperref\hyperref.sty
Package: hyperref 2012/02/06 v6.82o Hypertext links for LaTeX

(C:\CTEX\MiKTeX\tex\generic\oberdiek\hobsub-hyperref.sty
Package: hobsub-hyperref 2011/04/23 v1.4 Bundle oberdiek, subset hyperref (HO)

(C:\CTEX\MiKTeX\tex\generic\oberdiek\hobsub-generic.sty
Package: hobsub-generic 2011/04/23 v1.4 Bundle oberdiek, subset generic (HO)
Package: hobsub 2011/04/23 v1.4 Subsetting bundle oberdiek (HO)
Package: infwarerr 2010/04/08 v1.3 Providing info/warning/message (HO)
Package: ltxcmds 2011/04/18 v1.20 LaTeX kernel commands for general use (HO)
Package: ifluatex 2010/03/01 v1.3 Provides the ifluatex switch (HO)
Package ifluatex Info: LuaTeX not detected.
Package hobsub Info: Skipping package `ifvtex' (already loaded).
Package: intcalc 2007/09/27 v1.1 Expandable integer calculations (HO)
Package hobsub Info: Skipping package `ifpdf' (already loaded).
Package: etexcmds 2011/02/16 v1.5 Prefix for e-TeX command names (HO)
Package etexcmds Info: Could not find \expanded.
(etexcmds)             That can mean that you are not using pdfTeX 1.50 or
(etexcmds)             that some package has redefined \expanded.
(etexcmds)             In the latter case, load this package earlier.
Package: kvsetkeys 2011/04/07 v1.13 Key value parser (HO)
Package: kvdefinekeys 2011/04/07 v1.3 Defining keys (HO)
Package: pdftexcmds 2011/04/22 v0.16 Utilities of pdfTeX for LuaTeX (HO)
Package pdftexcmds Info: LuaTeX not detected.
Package pdftexcmds Info: pdfTeX >= 1.30 not detected.
Package pdftexcmds Info: \pdf@primitive is available.
Package pdftexcmds Info: \pdf@ifprimitive is available.
Package pdftexcmds Info: \pdfdraftmode not found.
Package: pdfescape 2011/04/04 v1.12 Provides string conversions (HO)
Package: bigintcalc 2011/01/30 v1.2 Expandable big integer calculations (HO)
Package: bitset 2011/01/30 v1.1 Data type bit set (HO)
Package: uniquecounter 2011/01/30 v1.2 Provides unlimited unique counter (HO)
)
Package hobsub Info: Skipping package `hobsub' (already loaded).
Package: letltxmacro 2010/09/02 v1.4 Let assignment for LaTeX macros (HO)
Package: hopatch 2011/01/30 v1.0 Wrapper for package hooks (HO)
Package: xcolor-patch 2011/01/30 xcolor patch
Package: atveryend 2011/04/23 v1.7 Hooks at very end of document (HO)
Package: atbegshi 2011/01/30 v1.15 At begin shipout hook (HO)
Package: refcount 2010/12/01 v3.2 Data extraction from references (HO)
Package: hycolor 2011/01/30 v1.7 Color options of hyperref/bookmark (HO)
)
(C:\CTEX\MiKTeX\tex\latex\oberdiek\kvoptions.sty
Package: kvoptions 2010/12/23 v3.10 Keyval support for LaTeX options (HO)
)
\@linkdim=\dimen177
\Hy@linkcounter=\count284
\Hy@pagecounter=\count285

(C:\CTEX\MiKTeX\tex\latex\hyperref\pd1enc.def
File: pd1enc.def 2012/02/06 v6.82o Hyperref: PDFDocEncoding definition (HO)
)
\Hy@SavedSpaceFactor=\count286

(C:\CTEX\MiKTeX\tex\latex\00miktex\hyperref.cfg
File: hyperref.cfg 2002/06/06 v1.2 hyperref configuration of TeXLive
)
Package hyperref Info: Hyper figures OFF on input line 4046.
Package hyperref Info: Link nesting OFF on input line 4051.
Package hyperref Info: Hyper index ON on input line 4054.
Package hyperref Info: Plain pages OFF on input line 4061.
Package hyperref Info: Backreferencing OFF on input line 4066.
Package hyperref Info: Implicit mode ON; LaTeX internals redefined.
Package hyperref Info: Bookmarks ON on input line 4284.
\c@Hy@tempcnt=\count287

(C:\CTEX\MiKTeX\tex\xelatex\xetexurl\url.sty
\Urlmuskip=\muskip11
Package: url 2004/03/15  ver 3.1  Verb mode for urls, etc.
)
LaTeX Info: Redefining \url on input line 4637.
\Fld@menulength=\count288
\Field@Width=\dimen178
\Fld@charsize=\dimen179
Package hyperref Info: Hyper figures OFF on input line 5757.
Package hyperref Info: Link nesting OFF on input line 5762.
Package hyperref Info: Hyper index ON on input line 5765.
Package hyperref Info: backreferencing OFF on input line 5772.
Package hyperref Info: Link coloring OFF on input line 5777.
Package hyperref Info: Link coloring with OCG OFF on input line 5782.
Package hyperref Info: PDF/A mode OFF on input line 5787.
LaTeX Info: Redefining \ref on input line 5827.
LaTeX Info: Redefining \pageref on input line 5831.
\Hy@abspage=\count289
\c@Item=\count290
\c@Hfootnote=\count291
)

Package hyperref Message: Driver (autodetected): hxetex.

(C:\CTEX\MiKTeX\tex\latex\hyperref\hxetex.def
File: hxetex.def 2012/02/06 v6.82o Hyperref driver for XeTeX

(C:\CTEX\MiKTeX\tex\latex\hyperref\puenc.def
File: puenc.def 2012/02/06 v6.82o Hyperref: PDF Unicode definition (HO)
)
(C:\CTEX\MiKTeX\tex\generic\oberdiek\stringenc.sty
Package: stringenc 2010/03/01 v1.8 Converts strings between encodings (HO)
)
\pdfm@box=\box44
\c@Hy@AnnotLevel=\count292
\HyField@AnnotCount=\count293
\Fld@listcount=\count294
\c@bookmark@seq@number=\count295

(C:\CTEX\MiKTeX\tex\latex\oberdiek\rerunfilecheck.sty
Package: rerunfilecheck 2011/04/15 v1.7 Rerun checks for auxiliary files (HO)
Package rerunfilecheck Info: Feature \pdfmdfivesum is not available
(rerunfilecheck)             (e.g. pdfTeX or LuaTeX with package `pdftexcmds').

(rerunfilecheck)             Therefore file contents cannot be checked efficien
tly
(rerunfilecheck)             and the loading of the package is aborted.
)
\Hy@SectionHShift=\skip58
)
(C:\CTEX\MiKTeX\tex\latex\listings\listings.sty
\lst@mode=\count296
\lst@gtempboxa=\box45
\lst@token=\toks26
\lst@length=\count297
\lst@currlwidth=\dimen180
\lst@column=\count298
\lst@pos=\count299
\lst@lostspace=\dimen181
\lst@width=\dimen182
\lst@newlines=\count300
\lst@lineno=\count301
\lst@maxwidth=\dimen183

(C:\CTEX\MiKTeX\tex\latex\listings\lstmisc.sty
File: lstmisc.sty 2007/02/22 1.4 (Carsten Heinz)
\c@lstnumber=\count302
\lst@skipnumbers=\count303
\lst@framebox=\box46
)
(C:\CTEX\MiKTeX\tex\latex\listings\listings.cfg
File: listings.cfg 2007/02/22 1.4 listings configuration
))
Package: listings 2007/02/22 1.4 (Carsten Heinz)

(C:\CTEX\MiKTeX\tex\latex\tools\tabularx.sty
Package: tabularx 1999/01/07 v2.07 `tabularx' package (DPC)
\TX@col@width=\dimen184
\TX@old@table=\dimen185
\TX@old@col=\dimen186
\TX@target=\dimen187
\TX@delta=\dimen188
\TX@cols=\count304
\TX@ftn=\toks27
)
Package hyperref Info: Option `colorlinks' set `true' on input line 45.


LaTeX Warning: Unused global option(s):
    [UTF-8].


("D:\Documents\Course_Materials\3S\3S. Computational_Physics(A)_Chinese\Computa
tional_Physics\Exercise_1\Report.aux")
LaTeX Font Info:    Checking defaults for OML/cmm/m/it on input line 46.
LaTeX Font Info:    ... okay on input line 46.
LaTeX Font Info:    Checking defaults for T1/cmr/m/n on input line 46.
LaTeX Font Info:    ... okay on input line 46.
LaTeX Font Info:    Checking defaults for OT1/cmr/m/n on input line 46.
LaTeX Font Info:    ... okay on input line 46.
LaTeX Font Info:    Checking defaults for OMS/cmsy/m/n on input line 46.
LaTeX Font Info:    ... okay on input line 46.
LaTeX Font Info:    Checking defaults for OMX/cmex/m/n on input line 46.
LaTeX Font Info:    ... okay on input line 46.
LaTeX Font Info:    Checking defaults for U/cmr/m/n on input line 46.
LaTeX Font Info:    ... okay on input line 46.
LaTeX Font Info:    Checking defaults for TS1/cmr/m/n on input line 46.
LaTeX Font Info:    ... okay on input line 46.
LaTeX Font Info:    Checking defaults for EU1/lmr/m/n on input line 46.
LaTeX Font Info:    ... okay on input line 46.
LaTeX Font Info:    Checking defaults for T3/cmr/m/n on input line 46.
LaTeX Font Info:    Try loading font information for T3+cmr on input line 46.
 (C:\CTEX\MiKTeX\tex\latex\tipa\t3cmr.fd
File: t3cmr.fd 2001/12/31 TIPA font definitions
)
LaTeX Font Info:    ... okay on input line 46.
LaTeX Font Info:    Checking defaults for PD1/pdf/m/n on input line 46.
LaTeX Font Info:    ... okay on input line 46.
LaTeX Font Info:    Checking defaults for PU/pdf/m/n on input line 46.
LaTeX Font Info:    ... okay on input line 46.
.................................................
. fontspec info: "setup-math"
. 
. Adjusting the maths setup (use [no-math] to avoid this).
.................................................
\symlegacymaths=\mathgroup9
LaTeX Font Info:    Overwriting symbol font `legacymaths' in version `bold'
(Font)                  OT1/cmr/m/n --> OT1/cmr/bx/n on input line 46.
LaTeX Font Info:    Redeclaring math accent \acute on input line 46.
LaTeX Font Info:    Redeclaring math accent \grave on input line 46.
LaTeX Font Info:    Redeclaring math accent \ddot on input line 46.
LaTeX Font Info:    Redeclaring math accent \tilde on input line 46.
LaTeX Font Info:    Redeclaring math accent \bar on input line 46.
LaTeX Font Info:    Redeclaring math accent \breve on input line 46.
LaTeX Font Info:    Redeclaring math accent \check on input line 46.
LaTeX Font Info:    Redeclaring math accent \hat on input line 46.
LaTeX Font Info:    Redeclaring math accent \dot on input line 46.
LaTeX Font Info:    Redeclaring math accent \mathring on input line 46.
LaTeX Font Info:    Redeclaring math symbol \Gamma on input line 46.
LaTeX Font Info:    Redeclaring math symbol \Delta on input line 46.
LaTeX Font Info:    Redeclaring math symbol \Theta on input line 46.
LaTeX Font Info:    Redeclaring math symbol \Lambda on input line 46.
LaTeX Font Info:    Redeclaring math symbol \Xi on input line 46.
LaTeX Font Info:    Redeclaring math symbol \Pi on input line 46.
LaTeX Font Info:    Redeclaring math symbol \Sigma on input line 46.
LaTeX Font Info:    Redeclaring math symbol \Upsilon on input line 46.
LaTeX Font Info:    Redeclaring math symbol \Phi on input line 46.
LaTeX Font Info:    Redeclaring math symbol \Psi on input line 46.
LaTeX Font Info:    Redeclaring math symbol \Omega on input line 46.
LaTeX Font Info:    Redeclaring math symbol \mathdollar on input line 46.
LaTeX Font Info:    Redeclaring symbol font `operators' on input line 46.
LaTeX Font Info:    Encoding `OT1' has changed to `EU1' for symbol font
(Font)              `operators' in the math version `normal' on input line 46.
LaTeX Font Info:    Overwriting symbol font `operators' in version `normal'
(Font)                  OT1/cmr/m/n --> EU1/lmr/m/n on input line 46.
LaTeX Font Info:    Encoding `OT1' has changed to `EU1' for symbol font
(Font)              `operators' in the math version `bold' on input line 46.
LaTeX Font Info:    Overwriting symbol font `operators' in version `bold'
(Font)                  OT1/cmr/bx/n --> EU1/lmr/m/n on input line 46.
LaTeX Font Info:    Overwriting symbol font `operators' in version `normal'
(Font)                  EU1/lmr/m/n --> EU1/lmr/m/n on input line 46.
LaTeX Font Info:    Overwriting math alphabet `\mathrm' in version `normal'
(Font)                  EU1/lmr/m/n --> EU1/lmr/m/n on input line 46.
LaTeX Font Info:    Overwriting math alphabet `\mathit' in version `normal'
(Font)                  OT1/cmr/m/it --> EU1/lmr/m/it on input line 46.
LaTeX Font Info:    Overwriting math alphabet `\mathbf' in version `normal'
(Font)                  OT1/cmr/bx/n --> EU1/lmr/bx/n on input line 46.
LaTeX Font Info:    Overwriting math alphabet `\mathsf' in version `normal'
(Font)                  OT1/cmss/m/n --> EU1/lmss/m/n on input line 46.
LaTeX Font Info:    Overwriting math alphabet `\mathtt' in version `normal'
(Font)                  OT1/cmtt/m/n --> EU1/lmtt/m/n on input line 46.
LaTeX Font Info:    Overwriting symbol font `operators' in version `bold'
(Font)                  EU1/lmr/m/n --> EU1/lmr/bx/n on input line 46.
LaTeX Font Info:    Overwriting math alphabet `\mathrm' in version `bold'
(Font)                  EU1/lmr/m/n --> EU1/lmr/bx/n on input line 46.
LaTeX Font Info:    Overwriting math alphabet `\mathit' in version `bold'
(Font)                  OT1/cmr/bx/it --> EU1/lmr/bx/it on input line 46.
LaTeX Font Info:    Overwriting math alphabet `\mathsf' in version `bold'
(Font)                  OT1/cmss/bx/n --> EU1/lmss/bx/n on input line 46.
LaTeX Font Info:    Overwriting math alphabet `\mathtt' in version `bold'
(Font)                  OT1/cmtt/m/n --> EU1/lmtt/bx/n on input line 46.
*geometry* detected driver: pdftex
*geometry* verbose mode - [ preamble ] result:
* driver: pdftex
* paper: a4paper
* layout: <same size as paper>
* layoutoffset:(h,v)=(0.0pt,0.0pt)
* modes: 
* h-part:(L,W,R)=(71.13188pt, 455.24411pt, 71.13188pt)
* v-part:(T,H,B)=(71.13188pt, 702.78308pt, 71.13188pt)
* \paperwidth=597.50787pt
* \paperheight=845.04684pt
* \textwidth=455.24411pt
* \textheight=702.78308pt
* \oddsidemargin=-1.1381pt
* \evensidemargin=-1.1381pt
* \topmargin=-38.1381pt
* \headheight=12.0pt
* \headsep=25.0pt
* \topskip=10.0pt
* \footskip=30.0pt
* \marginparwidth=65.0pt
* \marginparsep=11.0pt
* \columnsep=10.0pt
* \skip\footins=9.0pt plus 4.0pt minus 2.0pt
* \hoffset=0.0pt
* \voffset=0.0pt
* \mag=1000
* \@twocolumnfalse
* \@twosidefalse
* \@mparswitchfalse
* \@reversemarginfalse
* (1in=72.27pt=25.4mm, 1cm=28.453pt)


(C:\CTEX\MiKTeX\tex\latex\beamer\base\translator\dicts\translator-basic-diction
ary\translator-basic-dictionary-English.dict
Dictionary: translator-basic-dictionary, Language: English 
)
(C:\CTEX\MiKTeX\tex\latex\siunitx\config\siunitx-abbreviations.cfg
File: siunitx-abbreviations.cfg 2012/01/26 v2.4j siunitx: Abbreviated units
)
(C:\CTEX\MiKTeX\tex\latex\siunitx\config\siunitx-binary.cfg
File: siunitx-binary.cfg 2012/01/26 v2.4j siunitx: Binary units
)
\AtBeginShipoutBox=\box47
Package hyperref Info: Link coloring ON on input line 46.

(C:\CTEX\MiKTeX\tex\latex\hyperref\nameref.sty
Package: nameref 2010/04/30 v2.40 Cross-referencing by name of section

(C:\CTEX\MiKTeX\tex\generic\oberdiek\gettitlestring.sty
Package: gettitlestring 2010/12/03 v1.4 Cleanup title references (HO)
)
\c@section@level=\count305
)
LaTeX Info: Redefining \ref on input line 46.
LaTeX Info: Redefining \pageref on input line 46.
LaTeX Info: Redefining \nameref on input line 46.

("D:\Documents\Course_Materials\3S\3S. Computational_Physics(A)_Chinese\Computa
tional_Physics\Exercise_1\Report.out")
("D:\Documents\Course_Materials\3S\3S. Computational_Physics(A)_Chinese\Computa
tional_Physics\Exercise_1\Report.out")
\@outlinefile=\write3
\c@lstlisting=\count306
\c_siunitx_mathsf_int=\count307
Requested font "[lmroman7-regular]:mapping=tex-text" at 7.0pt
 -> C:/CTEX/MiKTeX/fonts/opentype/public/lm/lmroman7-regular.otf
Requested font "[lmroman5-regular]:mapping=tex-text" at 5.0pt
 -> C:/CTEX/MiKTeX/fonts/opentype/public/lm/lmroman5-regular.otf
Requested font "cmex7" at 7.0pt
 -> cmex7
Requested font "cmex7" at 5.0pt
 -> cmex7
Requested font "cmbx10" at 10.0pt
 -> cmbx10
Requested font "cmbx7" at 7.0pt
 -> cmbx7
Requested font "cmbx5" at 5.0pt
 -> cmbx5
Requested font "cmmib10" at 10.0pt
 -> cmmib10
Requested font "cmmib7" at 7.0pt
 -> cmmib7
Requested font "cmmib5" at 5.0pt
 -> cmmib5
Requested font "cmbsy10" at 10.0pt
 -> cmbsy10
Requested font "cmbsy7" at 7.0pt
 -> cmbsy7
Requested font "cmbsy5" at 5.0pt
 -> cmbsy5
LaTeX Font Info:    Try loading font information for U+msa on input line 46.

(C:\CTEX\MiKTeX\tex\latex\amsfonts\umsa.fd
File: umsa.fd 2009/06/22 v3.00 AMS symbols A
)
Requested font "msam10" at 10.0pt
 -> msam10
Requested font "msam7" at 7.0pt
 -> msam7
Requested font "msam5" at 5.0pt
 -> msam5
LaTeX Font Info:    Try loading font information for U+msb on input line 46.

(C:\CTEX\MiKTeX\tex\latex\amsfonts\umsb.fd
File: umsb.fd 2009/06/22 v3.00 AMS symbols B
)
Requested font "msbm10" at 10.0pt
 -> msbm10
Requested font "msbm7" at 7.0pt
 -> msbm7
Requested font "msbm5" at 5.0pt
 -> msbm5
Requested font "[lmsans8-regular]:mapping=tex-text" at 7.0pt
 -> C:/CTEX/MiKTeX/fonts/opentype/public/lm/lmsans8-regular.otf
Requested font "[lmsans8-regular]:mapping=tex-text" at 5.0pt
 -> C:/CTEX/MiKTeX/fonts/opentype/public/lm/lmsans8-regular.otf
\c_siunitx_mathtt_int=\count308
LaTeX Font Info:    Try loading font information for EU1+lmtt on input line 46.


(C:\CTEX\MiKTeX\tex\latex\euenc\eu1lmtt.fd
File: eu1lmtt.fd 2009/10/30 v1.6 Font defs for Latin Modern
)
Requested font "[lmmono10-regular]" at 10.0pt
 -> C:/CTEX/MiKTeX/fonts/opentype/public/lm/lmmono10-regular.otf
Requested font "[lmmono8-regular]" at 7.0pt
 -> C:/CTEX/MiKTeX/fonts/opentype/public/lm/lmmono8-regular.otf
Requested font "[lmmono8-regular]" at 5.0pt
 -> C:/CTEX/MiKTeX/fonts/opentype/public/lm/lmmono8-regular.otf
Requested font "[lmroman17-regular]:mapping=tex-text" at 17.28pt
 -> C:/CTEX/MiKTeX/fonts/opentype/public/lm/lmroman17-regular.otf
Requested font "SimSun" at 17.28pt
 -> C:/Windows/Fonts/simsun.ttc
Requested font "SimSun/ICU" at 17.28pt
 -> C:/Windows/Fonts/simsun.ttc
\g_fontspec_family_SimSun_int=\count309
Requested font "SimHei/ICU" at 17.28pt
 -> C:/Windows/Fonts/simhei.ttf
Requested font "[SIMKAI.TTF]/ICU" at 17.28pt
 -> C:/Windows/Fonts/SIMKAI.TTF
Requested font "SimHei/I/ICU" at 17.28pt
 -> C:/Windows/Fonts/simhei.ttf
.................................................
. fontspec info: "no-font-shape"
. 
. Could not resolve font SimHei/I (it probably doesn't exist).
.................................................
.................................................
. fontspec info: "defining-font"
. 
. Font family 'SimSun(0)' created for font 'SimSun' with options
. [Ligatures=TeX,BoldFont={SimHei},ItalicFont={[SIMKAI.TTF]}].
. 
. This font family consists of the following shapes:
. 
. * 'normal' with NFSS spec.:
. <->"SimSun/ICU:script=latn;language=DFLT;mapping=tex-text;"
. 
. * 'bold' with NFSS spec.:
. <->"SimHei/ICU:script=latn;language=DFLT;mapping=tex-text;"
. 
. * 'italic' with NFSS spec.:
. <->"[SIMKAI.TTF]/ICU:script=latn;language=DFLT;mapping=tex-text;"
.................................................
Requested font "SimSun/ICU:script=latn;language=DFLT;mapping=tex-text;" at 17.2
8pt
 -> C:/Windows/Fonts/simsun.ttc
Requested font "[lmroman12-regular]:mapping=tex-text" at 12.0pt
 -> C:/CTEX/MiKTeX/fonts/opentype/public/lm/lmroman12-regular.otf
Requested font "[lmroman8-regular]:mapping=tex-text" at 8.0pt
 -> C:/CTEX/MiKTeX/fonts/opentype/public/lm/lmroman8-regular.otf
Requested font "[lmroman6-regular]:mapping=tex-text" at 6.0pt
 -> C:/CTEX/MiKTeX/fonts/opentype/public/lm/lmroman6-regular.otf
Requested font "cmmi12" at 12.0pt
 -> cmmi12
Requested font "cmmi8" at 8.0pt
 -> cmmi8
Requested font "cmmi6" at 6.0pt
 -> cmmi6
Requested font "cmsy10" at 12.0pt
 -> cmsy10
Requested font "cmsy8" at 8.0pt
 -> cmsy8
Requested font "cmsy6" at 6.0pt
 -> cmsy6
Requested font "cmex10" at 12.0pt
 -> cmex10
Requested font "cmex8" at 8.0pt
 -> cmex8
Requested font "cmex7" at 6.0pt
 -> cmex7
Requested font "[lmsans12-regular]:mapping=tex-text" at 12.0pt
 -> C:/CTEX/MiKTeX/fonts/opentype/public/lm/lmsans12-regular.otf
Requested font "[lmsans8-regular]:mapping=tex-text" at 8.0pt
 -> C:/CTEX/MiKTeX/fonts/opentype/public/lm/lmsans8-regular.otf
Requested font "[lmsans8-regular]:mapping=tex-text" at 6.0pt
 -> C:/CTEX/MiKTeX/fonts/opentype/public/lm/lmsans8-regular.otf
Requested font "[lmmono12-regular]" at 12.0pt
 -> C:/CTEX/MiKTeX/fonts/opentype/public/lm/lmmono12-regular.otf
Requested font "[lmmono8-regular]" at 8.0pt
 -> C:/CTEX/MiKTeX/fonts/opentype/public/lm/lmmono8-regular.otf
Requested font "[lmmono8-regular]" at 6.0pt
 -> C:/CTEX/MiKTeX/fonts/opentype/public/lm/lmmono8-regular.otf
Requested font "cmbx12" at 12.0pt
 -> cmbx12
Requested font "cmbx8" at 8.0pt
 -> cmbx8
Requested font "cmbx6" at 6.0pt
 -> cmbx6
Requested font "cmmib10" at 12.0pt
 -> cmmib10
Requested font "cmmib10" at 8.0pt
 -> cmmib10
Requested font "cmmib7" at 6.0pt
 -> cmmib7
Requested font "cmbsy10" at 12.0pt
 -> cmbsy10
Requested font "cmbsy10" at 8.0pt
 -> cmbsy10
Requested font "cmbsy7" at 6.0pt
 -> cmbsy7
Requested font "msam10" at 12.0pt
 -> msam10
Requested font "msam10" at 8.0pt
 -> msam10
Requested font "msam7" at 6.0pt
 -> msam7
Requested font "msbm10" at 12.0pt
 -> msbm10
Requested font "msbm10" at 8.0pt
 -> msbm10
Requested font "msbm7" at 6.0pt
 -> msbm7
Requested font "cmr12" at 12.0pt
 -> cmr12
Requested font "cmr8" at 8.0pt
 -> cmr8
Requested font "cmr6" at 6.0pt
 -> cmr6
Requested font "SimSun" at 12.0pt
 -> C:/Windows/Fonts/simsun.ttc
Requested font "SimSun/ICU" at 12.0pt
 -> C:/Windows/Fonts/simsun.ttc
.................................................
. fontspec info: "defining-font"
. 
. Font family 'SimSun(0)' created for font 'SimSun' with options
. [Ligatures=TeX,BoldFont={SimHei},ItalicFont={[SIMKAI.TTF]}].
. 
. This font family consists of the following shapes:
.................................................
Requested font "SimSun/ICU:script=latn;language=DFLT;mapping=tex-text;" at 12.0
pt
 -> C:/Windows/Fonts/simsun.ttc
Requested font "[lmroman12-regular]:mapping=tex-text" at 14.4pt
 -> C:/CTEX/MiKTeX/fonts/opentype/public/lm/lmroman12-regular.otf
Requested font "[lmroman12-bold]:mapping=tex-text" at 14.4pt
 -> C:/CTEX/MiKTeX/fonts/opentype/public/lm/lmroman12-bold.otf
Requested font "SimSun" at 14.4pt
 -> C:/Windows/Fonts/simsun.ttc
Requested font "SimSun/ICU" at 14.4pt
 -> C:/Windows/Fonts/simsun.ttc
.................................................
. fontspec info: "defining-font"
. 
. Font family 'SimSun(0)' created for font 'SimSun' with options
. [Ligatures=TeX,BoldFont={SimHei},ItalicFont={[SIMKAI.TTF]}].
. 
. This font family consists of the following shapes:
.................................................
Requested font "SimHei/ICU:script=latn;language=DFLT;mapping=tex-text;" at 14.4
pt
 -> C:/Windows/Fonts/simhei.ttf

(C:\CTEX\MiKTeX\tex\generic\oberdiek\se-ascii-print.def
File: se-ascii-print.def 2010/03/01 v1.8 stringenc: Printable ASCII characters
)
Requested font "[lmroman12-bold]:mapping=tex-text" at 12.0pt
 -> C:/CTEX/MiKTeX/fonts/opentype/public/lm/lmroman12-bold.otf
.................................................
. fontspec info: "defining-font"
. 
. Font family 'SimSun(0)' created for font 'SimSun' with options
. [Ligatures=TeX,BoldFont={SimHei},ItalicFont={[SIMKAI.TTF]}].
. 
. This font family consists of the following shapes:
.................................................
Requested font "SimHei/ICU:script=latn;language=DFLT;mapping=tex-text;" at 12.0
pt
 -> C:/Windows/Fonts/simhei.ttf
Requested font "SimSun" at 10.0pt
 -> C:/Windows/Fonts/simsun.ttc
Requested font "SimSun/ICU" at 10.0pt
 -> C:/Windows/Fonts/simsun.ttc
.................................................
. fontspec info: "defining-font"
. 
. Font family 'SimSun(0)' created for font 'SimSun' with options
. [Ligatures=TeX,BoldFont={SimHei},ItalicFont={[SIMKAI.TTF]}].
. 
. This font family consists of the following shapes:
.................................................
Requested font "SimSun/ICU:script=latn;language=DFLT;mapping=tex-text;" at 10.0
pt
 -> C:/Windows/Fonts/simsun.ttc
.................................................
. fontspec info: "defining-font"
. 
. Font family 'SimSun(0)' created for font 'SimSun' with options
. [Ligatures=TeX,BoldFont={SimHei},ItalicFont={[SIMKAI.TTF]}].
. 
. This font family consists of the following shapes:
.................................................
Requested font "SimHei/ICU:script=latn;language=DFLT;mapping=tex-text;" at 10.0
pt
 -> C:/Windows/Fonts/simhei.ttf
 [1

]
File: Q_1.png Graphic file (type QTm)
 <use  "Q_1.png" >
[2]

Package amsmath Warning: Cannot use `split' here;
(amsmath)                trying to recover with `aligned' on input line 133.


Package amsmath Warning: Cannot use `split' here;
(amsmath)                trying to recover with `aligned' on input line 142.


Package amsmath Warning: Cannot use `split' here;
(amsmath)                trying to recover with `aligned' on input line 154.


Package amsmath Warning: Cannot use `split' here;
(amsmath)                trying to recover with `aligned' on input line 163.

[3] [4]
File: Q_3_1.png Graphic file (type QTm)
 <use  "Q_3_1.png" >
File: Q_3_2.png Graphic file (type QTm)
 <use  "Q_3_2.png" >
File: Q_3_3.png Graphic file (type QTm)
 <use  "Q_3_3.png" >

LaTeX Warning: `h' float specifier changed to `ht'.


LaTeX Warning: `h' float specifier changed to `ht'.


Package hyperref Warning: Token not allowed in a PDF string (Unicode):
(hyperref)                removing `math shift' on input line 262.


Package hyperref Warning: Token not allowed in a PDF string (Unicode):
(hyperref)                removing `\tau' on input line 262.


Package hyperref Warning: Token not allowed in a PDF string (Unicode):
(hyperref)                removing `subscript' on input line 262.


Package hyperref Warning: Token not allowed in a PDF string (Unicode):
(hyperref)                removing `math shift' on input line 262.

File: Q_3_4.png Graphic file (type QTm)
<use  "Q_3_4.png" >

LaTeX Warning: `h' float specifier changed to `ht'.


LaTeX Warning: `h' float specifier changed to `ht'.

[5] [6] [7] (C:\CTEX\MiKTeX\tex\latex\listings\lstlang1.sty
File: lstlang1.sty 2004/09/05 1.3 listings language file
)
(C:\CTEX\MiKTeX\tex\latex\listings\lstlang1.sty
File: lstlang1.sty 2004/09/05 1.3 listings language file
)
(C:\CTEX\MiKTeX\tex\latex\listings\lstmisc.sty
File: lstmisc.sty 2007/02/22 1.4 (Carsten Heinz)
)
Package hyperref Info: bookmark level for unknown lstlisting defaults to 0 on i
nput line 305.

("D:\Documents\Course_Materials\3S\3S. Computational_Physics(A)_Chinese\Computa
tional_Physics\Exercise_1\src/cpp/Problem_1/main.cpp" [8

] [9])
("D:\Documents\Course_Materials\3S\3S. Computational_Physics(A)_Chinese\Computa
tional_Physics\Exercise_1\src/cpp/Problem_3/main.cpp" [10] [11])
Package atveryend Info: Empty hook `BeforeClearDocument' on input line 313.
 [12]
Package atveryend Info: Empty hook `AfterLastShipout' on input line 313.

("D:\Documents\Course_Materials\3S\3S. Computational_Physics(A)_Chinese\Computa
tional_Physics\Exercise_1\Report.aux")
Package atveryend Info: Empty hook `AtVeryEndDocument' on input line 313.
Package atveryend Info: Empty hook `AtEndAfterFileList' on input line 313.
 ) 
Here is how much of TeX's memory you used:
 25468 strings out of 430478
 512924 string characters out of 3191502
 779523 words of memory out of 3000000
 28258 multiletter control sequences out of 15000+200000
 15833 words of font info for 99 fonts, out of 3000000 for 9000
 14 hyphenation exceptions out of 8191
 57i,18n,100p,839b,2362s stack positions out of 5000i,500n,10000p,200000b,50000s

Output written on Report.pdf (12 pages).
