\BOOKMARK [1][-]{section.1}{双精度浮点数和其IEEE754编码的互相转化}{}% 1
\BOOKMARK [2][-]{subsection.1.1}{问题描述}{section.1}% 2
\BOOKMARK [2][-]{subsection.1.2}{算法}{section.1}% 3
\BOOKMARK [3][-]{subsubsection.1.2.1}{双精度浮点数转编码}{subsection.1.2}% 4
\BOOKMARK [3][-]{subsubsection.1.2.2}{编码转双精度浮点数}{subsection.1.2}% 5
\BOOKMARK [2][-]{subsection.1.3}{结果}{section.1}% 6
\BOOKMARK [1][-]{section.2}{带权的高斯积分}{}% 7
\BOOKMARK [2][-]{subsection.2.1}{问题描述}{section.2}% 8
\BOOKMARK [2][-]{subsection.2.2}{推导和结果}{section.2}% 9
\BOOKMARK [1][-]{section.3}{衰变}{}% 10
\BOOKMARK [2][-]{subsection.3.1}{问题描述}{section.3}% 11
\BOOKMARK [2][-]{subsection.3.2}{算法}{section.3}% 12
\BOOKMARK [2][-]{subsection.3.3}{结果}{section.3}% 13
\BOOKMARK [3][-]{subsubsection.3.3.1}{几种方法的比较}{subsection.3.3}% 14
\BOOKMARK [2][-]{subsection.3.4}{不同的B下的行为}{section.3}% 15
\BOOKMARK [2][-]{subsection.3.5}{步长对误差的影响}{section.3}% 16
\BOOKMARK [1][-]{section.4}{双精度浮点数和其IEEE754编码的互相转化}{}% 17
\BOOKMARK [2][-]{subsection.4.1}{问题描述}{section.4}% 18
\BOOKMARK [2][-]{subsection.4.2}{算法}{section.4}% 19
\BOOKMARK [2][-]{subsection.4.3}{结果}{section.4}% 20
\BOOKMARK [2][-]{subsection.4.4}{源代码}{section.4}% 21
\BOOKMARK [1][-]{section.5}{双精度浮点数和其IEEE754编码的互相转化}{}% 22
\BOOKMARK [2][-]{subsection.5.1}{问题描述}{section.5}% 23
\BOOKMARK [2][-]{subsection.5.2}{算法}{section.5}% 24
\BOOKMARK [2][-]{subsection.5.3}{结果}{section.5}% 25
\BOOKMARK [2][-]{subsection.5.4}{源代码}{section.5}% 26
\BOOKMARK [1][-]{appendix.A}{附录}{}% 27
\BOOKMARK [2][-]{subsection.A.1}{源代码}{appendix.A}% 28
\BOOKMARK [3][-]{subsubsection.A.1.1}{第一题}{subsection.A.1}% 29
\BOOKMARK [3][-]{subsubsection.A.1.2}{第三题}{subsection.A.1}% 30
